{
  "0 debug pnpm:scope": {
    "selected": 3,
    "total": 3,
    "workspacePrefix": "/Users/bibidu/Desktop/du/code/marx-plus"
  },
  "1 debug pnpm:package-manifest": {
    "initial": {
      "name": "marx-plus",
      "version": "1.0.0",
      "description": "",
      "main": "index.js",
      "scripts": {
        "install": "node scripts/install"
      },
      "repository": {
        "type": "git",
        "url": "git+https://github.com/bibidu/marx-plus.git"
      },
      "keywords": [],
      "author": "",
      "license": "ISC",
      "bugs": {
        "url": "https://github.com/bibidu/marx-plus/issues"
      },
      "homepage": "https://github.com/bibidu/marx-plus#readme",
      "devDependencies": {
        "esbuild-plugin-replace": "^1.1.0",
        "pnpm": "^6.27.1",
        "tsup": "^5.11.11"
      }
    },
    "prefix": "/Users/bibidu/Desktop/du/code/marx-plus"
  },
  "2 debug pnpm:package-manifest": {
    "initial": {
      "name": "@marx/export-button",
      "version": "1.0.0",
      "description": "",
      "main": "index.js",
      "scripts": {
        "start": "NODE_ENV=development tsup src/index.ts --watch",
        "build": "tsup src/index.ts"
      },
      "keywords": [],
      "author": "",
      "license": "ISC",
      "devDependencies": {},
      "dependencies": {
        "html2canvas": "^1.4.0"
      }
    },
    "prefix": "/Users/bibidu/Desktop/du/code/marx-plus/packages/marx-export-button"
  },
  "3 debug pnpm:package-manifest": {
    "initial": {
      "name": "@marx/inject-template-button",
      "version": "1.0.0",
      "description": "",
      "main": "index.js",
      "scripts": {
        "start": "NODE_ENV=development tsup src/index.ts --watch",
        "build": "tsup src/index.ts"
      },
      "keywords": [],
      "author": "",
      "license": "ISC",
      "devDependencies": {},
      "dependencies": {}
    },
    "prefix": "/Users/bibidu/Desktop/du/code/marx-plus/packages/marx-inject-template-button"
  },
  "4 debug pnpm:context": {
    "currentLockfileExists": true,
    "storeDir": "/Users/bibidu/.pnpm-store/v3",
    "virtualStoreDir": "/Users/bibidu/Desktop/du/code/marx-plus/node_modules/.pnpm"
  },
  "5 info pnpm": {
    "message": "Lockfile is up-to-date, resolution step is skipped",
    "prefix": "/Users/bibidu/Desktop/du/code/marx-plus"
  },
  "6 debug pnpm:stats": {
    "prefix": "/Users/bibidu/Desktop/du/code/marx-plus",
    "removed": 0
  },
  "7 debug pnpm:stage": {
    "prefix": "/Users/bibidu/Desktop/du/code/marx-plus",
    "stage": "importing_started"
  },
  "8 warn pnpm:install-check": {
    "message": "Unsupported platform for registry.npmmirror.com/esbuild-android-arm64/0.14.12: wanted {\"cpu\":[\"arm64\"],\"os\":[\"android\"]} (current: {\"os\":\"darwin\",\"cpu\":\"x64\"})",
    "prefix": "/Users/bibidu/Desktop/du/code/marx-plus"
  },
  "9 debug pnpm:skipped-optional-dependency": {
    "details": "Error: Unsupported platform for registry.npmmirror.com/esbuild-android-arm64/0.14.12: wanted {\"cpu\":[\"arm64\"],\"os\":[\"android\"]} (current: {\"os\":\"darwin\",\"cpu\":\"x64\"})",
    "package": {
      "id": "registry.npmmirror.com/esbuild-android-arm64/0.14.12",
      "name": "esbuild-android-arm64",
      "version": "0.14.12"
    },
    "prefix": "/Users/bibidu/Desktop/du/code/marx-plus",
    "reason": "unsupported_platform"
  },
  "10 warn pnpm:install-check": {
    "message": "Unsupported platform for registry.npmmirror.com/esbuild-darwin-arm64/0.14.12: wanted {\"cpu\":[\"arm64\"],\"os\":[\"darwin\"]} (current: {\"os\":\"darwin\",\"cpu\":\"x64\"})",
    "prefix": "/Users/bibidu/Desktop/du/code/marx-plus"
  },
  "11 debug pnpm:skipped-optional-dependency": {
    "details": "Error: Unsupported platform for registry.npmmirror.com/esbuild-darwin-arm64/0.14.12: wanted {\"cpu\":[\"arm64\"],\"os\":[\"darwin\"]} (current: {\"os\":\"darwin\",\"cpu\":\"x64\"})",
    "package": {
      "id": "registry.npmmirror.com/esbuild-darwin-arm64/0.14.12",
      "name": "esbuild-darwin-arm64",
      "version": "0.14.12"
    },
    "prefix": "/Users/bibidu/Desktop/du/code/marx-plus",
    "reason": "unsupported_platform"
  },
  "12 warn pnpm:install-check": {
    "message": "Unsupported platform for registry.npmmirror.com/esbuild-freebsd-64/0.14.12: wanted {\"cpu\":[\"x64\"],\"os\":[\"freebsd\"]} (current: {\"os\":\"darwin\",\"cpu\":\"x64\"})",
    "prefix": "/Users/bibidu/Desktop/du/code/marx-plus"
  },
  "13 debug pnpm:skipped-optional-dependency": {
    "details": "Error: Unsupported platform for registry.npmmirror.com/esbuild-freebsd-64/0.14.12: wanted {\"cpu\":[\"x64\"],\"os\":[\"freebsd\"]} (current: {\"os\":\"darwin\",\"cpu\":\"x64\"})",
    "package": {
      "id": "registry.npmmirror.com/esbuild-freebsd-64/0.14.12",
      "name": "esbuild-freebsd-64",
      "version": "0.14.12"
    },
    "prefix": "/Users/bibidu/Desktop/du/code/marx-plus",
    "reason": "unsupported_platform"
  },
  "14 warn pnpm:install-check": {
    "message": "Unsupported platform for registry.npmmirror.com/esbuild-freebsd-arm64/0.14.12: wanted {\"cpu\":[\"arm64\"],\"os\":[\"freebsd\"]} (current: {\"os\":\"darwin\",\"cpu\":\"x64\"})",
    "prefix": "/Users/bibidu/Desktop/du/code/marx-plus"
  },
  "15 debug pnpm:skipped-optional-dependency": {
    "details": "Error: Unsupported platform for registry.npmmirror.com/esbuild-freebsd-arm64/0.14.12: wanted {\"cpu\":[\"arm64\"],\"os\":[\"freebsd\"]} (current: {\"os\":\"darwin\",\"cpu\":\"x64\"})",
    "package": {
      "id": "registry.npmmirror.com/esbuild-freebsd-arm64/0.14.12",
      "name": "esbuild-freebsd-arm64",
      "version": "0.14.12"
    },
    "prefix": "/Users/bibidu/Desktop/du/code/marx-plus",
    "reason": "unsupported_platform"
  },
  "16 warn pnpm:install-check": {
    "message": "Unsupported platform for registry.npmmirror.com/esbuild-linux-32/0.14.12: wanted {\"cpu\":[\"ia32\"],\"os\":[\"linux\"]} (current: {\"os\":\"darwin\",\"cpu\":\"x64\"})",
    "prefix": "/Users/bibidu/Desktop/du/code/marx-plus"
  },
  "17 debug pnpm:skipped-optional-dependency": {
    "details": "Error: Unsupported platform for registry.npmmirror.com/esbuild-linux-32/0.14.12: wanted {\"cpu\":[\"ia32\"],\"os\":[\"linux\"]} (current: {\"os\":\"darwin\",\"cpu\":\"x64\"})",
    "package": {
      "id": "registry.npmmirror.com/esbuild-linux-32/0.14.12",
      "name": "esbuild-linux-32",
      "version": "0.14.12"
    },
    "prefix": "/Users/bibidu/Desktop/du/code/marx-plus",
    "reason": "unsupported_platform"
  },
  "18 warn pnpm:install-check": {
    "message": "Unsupported platform for registry.npmmirror.com/esbuild-linux-64/0.14.12: wanted {\"cpu\":[\"x64\"],\"os\":[\"linux\"]} (current: {\"os\":\"darwin\",\"cpu\":\"x64\"})",
    "prefix": "/Users/bibidu/Desktop/du/code/marx-plus"
  },
  "19 debug pnpm:skipped-optional-dependency": {
    "details": "Error: Unsupported platform for registry.npmmirror.com/esbuild-linux-64/0.14.12: wanted {\"cpu\":[\"x64\"],\"os\":[\"linux\"]} (current: {\"os\":\"darwin\",\"cpu\":\"x64\"})",
    "package": {
      "id": "registry.npmmirror.com/esbuild-linux-64/0.14.12",
      "name": "esbuild-linux-64",
      "version": "0.14.12"
    },
    "prefix": "/Users/bibidu/Desktop/du/code/marx-plus",
    "reason": "unsupported_platform"
  },
  "20 warn pnpm:install-check": {
    "message": "Unsupported platform for registry.npmmirror.com/esbuild-linux-arm/0.14.12: wanted {\"cpu\":[\"arm\"],\"os\":[\"linux\"]} (current: {\"os\":\"darwin\",\"cpu\":\"x64\"})",
    "prefix": "/Users/bibidu/Desktop/du/code/marx-plus"
  },
  "21 debug pnpm:skipped-optional-dependency": {
    "details": "Error: Unsupported platform for registry.npmmirror.com/esbuild-linux-arm/0.14.12: wanted {\"cpu\":[\"arm\"],\"os\":[\"linux\"]} (current: {\"os\":\"darwin\",\"cpu\":\"x64\"})",
    "package": {
      "id": "registry.npmmirror.com/esbuild-linux-arm/0.14.12",
      "name": "esbuild-linux-arm",
      "version": "0.14.12"
    },
    "prefix": "/Users/bibidu/Desktop/du/code/marx-plus",
    "reason": "unsupported_platform"
  },
  "22 warn pnpm:install-check": {
    "message": "Unsupported platform for registry.npmmirror.com/esbuild-linux-arm64/0.14.12: wanted {\"cpu\":[\"arm64\"],\"os\":[\"linux\"]} (current: {\"os\":\"darwin\",\"cpu\":\"x64\"})",
    "prefix": "/Users/bibidu/Desktop/du/code/marx-plus"
  },
  "23 debug pnpm:skipped-optional-dependency": {
    "details": "Error: Unsupported platform for registry.npmmirror.com/esbuild-linux-arm64/0.14.12: wanted {\"cpu\":[\"arm64\"],\"os\":[\"linux\"]} (current: {\"os\":\"darwin\",\"cpu\":\"x64\"})",
    "package": {
      "id": "registry.npmmirror.com/esbuild-linux-arm64/0.14.12",
      "name": "esbuild-linux-arm64",
      "version": "0.14.12"
    },
    "prefix": "/Users/bibidu/Desktop/du/code/marx-plus",
    "reason": "unsupported_platform"
  },
  "24 warn pnpm:install-check": {
    "message": "Unsupported platform for registry.npmmirror.com/esbuild-linux-mips64le/0.14.12: wanted {\"cpu\":[\"mips64el\"],\"os\":[\"linux\"]} (current: {\"os\":\"darwin\",\"cpu\":\"x64\"})",
    "prefix": "/Users/bibidu/Desktop/du/code/marx-plus"
  },
  "25 debug pnpm:skipped-optional-dependency": {
    "details": "Error: Unsupported platform for registry.npmmirror.com/esbuild-linux-mips64le/0.14.12: wanted {\"cpu\":[\"mips64el\"],\"os\":[\"linux\"]} (current: {\"os\":\"darwin\",\"cpu\":\"x64\"})",
    "package": {
      "id": "registry.npmmirror.com/esbuild-linux-mips64le/0.14.12",
      "name": "esbuild-linux-mips64le",
      "version": "0.14.12"
    },
    "prefix": "/Users/bibidu/Desktop/du/code/marx-plus",
    "reason": "unsupported_platform"
  },
  "26 warn pnpm:install-check": {
    "message": "Unsupported platform for registry.npmmirror.com/esbuild-linux-ppc64le/0.14.12: wanted {\"cpu\":[\"ppc64\"],\"os\":[\"linux\"]} (current: {\"os\":\"darwin\",\"cpu\":\"x64\"})",
    "prefix": "/Users/bibidu/Desktop/du/code/marx-plus"
  },
  "27 debug pnpm:skipped-optional-dependency": {
    "details": "Error: Unsupported platform for registry.npmmirror.com/esbuild-linux-ppc64le/0.14.12: wanted {\"cpu\":[\"ppc64\"],\"os\":[\"linux\"]} (current: {\"os\":\"darwin\",\"cpu\":\"x64\"})",
    "package": {
      "id": "registry.npmmirror.com/esbuild-linux-ppc64le/0.14.12",
      "name": "esbuild-linux-ppc64le",
      "version": "0.14.12"
    },
    "prefix": "/Users/bibidu/Desktop/du/code/marx-plus",
    "reason": "unsupported_platform"
  },
  "28 warn pnpm:install-check": {
    "message": "Unsupported platform for registry.npmmirror.com/esbuild-linux-s390x/0.14.12: wanted {\"cpu\":[\"s390x\"],\"os\":[\"linux\"]} (current: {\"os\":\"darwin\",\"cpu\":\"x64\"})",
    "prefix": "/Users/bibidu/Desktop/du/code/marx-plus"
  },
  "29 debug pnpm:skipped-optional-dependency": {
    "details": "Error: Unsupported platform for registry.npmmirror.com/esbuild-linux-s390x/0.14.12: wanted {\"cpu\":[\"s390x\"],\"os\":[\"linux\"]} (current: {\"os\":\"darwin\",\"cpu\":\"x64\"})",
    "package": {
      "id": "registry.npmmirror.com/esbuild-linux-s390x/0.14.12",
      "name": "esbuild-linux-s390x",
      "version": "0.14.12"
    },
    "prefix": "/Users/bibidu/Desktop/du/code/marx-plus",
    "reason": "unsupported_platform"
  },
  "30 warn pnpm:install-check": {
    "message": "Unsupported platform for registry.npmmirror.com/esbuild-netbsd-64/0.14.12: wanted {\"cpu\":[\"x64\"],\"os\":[\"netbsd\"]} (current: {\"os\":\"darwin\",\"cpu\":\"x64\"})",
    "prefix": "/Users/bibidu/Desktop/du/code/marx-plus"
  },
  "31 debug pnpm:skipped-optional-dependency": {
    "details": "Error: Unsupported platform for registry.npmmirror.com/esbuild-netbsd-64/0.14.12: wanted {\"cpu\":[\"x64\"],\"os\":[\"netbsd\"]} (current: {\"os\":\"darwin\",\"cpu\":\"x64\"})",
    "package": {
      "id": "registry.npmmirror.com/esbuild-netbsd-64/0.14.12",
      "name": "esbuild-netbsd-64",
      "version": "0.14.12"
    },
    "prefix": "/Users/bibidu/Desktop/du/code/marx-plus",
    "reason": "unsupported_platform"
  },
  "32 warn pnpm:install-check": {
    "message": "Unsupported platform for registry.npmmirror.com/esbuild-openbsd-64/0.14.12: wanted {\"cpu\":[\"x64\"],\"os\":[\"openbsd\"]} (current: {\"os\":\"darwin\",\"cpu\":\"x64\"})",
    "prefix": "/Users/bibidu/Desktop/du/code/marx-plus"
  },
  "33 debug pnpm:skipped-optional-dependency": {
    "details": "Error: Unsupported platform for registry.npmmirror.com/esbuild-openbsd-64/0.14.12: wanted {\"cpu\":[\"x64\"],\"os\":[\"openbsd\"]} (current: {\"os\":\"darwin\",\"cpu\":\"x64\"})",
    "package": {
      "id": "registry.npmmirror.com/esbuild-openbsd-64/0.14.12",
      "name": "esbuild-openbsd-64",
      "version": "0.14.12"
    },
    "prefix": "/Users/bibidu/Desktop/du/code/marx-plus",
    "reason": "unsupported_platform"
  },
  "34 warn pnpm:install-check": {
    "message": "Unsupported platform for registry.npmmirror.com/esbuild-sunos-64/0.14.12: wanted {\"cpu\":[\"x64\"],\"os\":[\"sunos\"]} (current: {\"os\":\"darwin\",\"cpu\":\"x64\"})",
    "prefix": "/Users/bibidu/Desktop/du/code/marx-plus"
  },
  "35 debug pnpm:skipped-optional-dependency": {
    "details": "Error: Unsupported platform for registry.npmmirror.com/esbuild-sunos-64/0.14.12: wanted {\"cpu\":[\"x64\"],\"os\":[\"sunos\"]} (current: {\"os\":\"darwin\",\"cpu\":\"x64\"})",
    "package": {
      "id": "registry.npmmirror.com/esbuild-sunos-64/0.14.12",
      "name": "esbuild-sunos-64",
      "version": "0.14.12"
    },
    "prefix": "/Users/bibidu/Desktop/du/code/marx-plus",
    "reason": "unsupported_platform"
  },
  "36 warn pnpm:install-check": {
    "message": "Unsupported platform for registry.npmmirror.com/esbuild-windows-32/0.14.12: wanted {\"cpu\":[\"ia32\"],\"os\":[\"win32\"]} (current: {\"os\":\"darwin\",\"cpu\":\"x64\"})",
    "prefix": "/Users/bibidu/Desktop/du/code/marx-plus"
  },
  "37 debug pnpm:skipped-optional-dependency": {
    "details": "Error: Unsupported platform for registry.npmmirror.com/esbuild-windows-32/0.14.12: wanted {\"cpu\":[\"ia32\"],\"os\":[\"win32\"]} (current: {\"os\":\"darwin\",\"cpu\":\"x64\"})",
    "package": {
      "id": "registry.npmmirror.com/esbuild-windows-32/0.14.12",
      "name": "esbuild-windows-32",
      "version": "0.14.12"
    },
    "prefix": "/Users/bibidu/Desktop/du/code/marx-plus",
    "reason": "unsupported_platform"
  },
  "38 warn pnpm:install-check": {
    "message": "Unsupported platform for registry.npmmirror.com/esbuild-windows-64/0.14.12: wanted {\"cpu\":[\"x64\"],\"os\":[\"win32\"]} (current: {\"os\":\"darwin\",\"cpu\":\"x64\"})",
    "prefix": "/Users/bibidu/Desktop/du/code/marx-plus"
  },
  "39 debug pnpm:skipped-optional-dependency": {
    "details": "Error: Unsupported platform for registry.npmmirror.com/esbuild-windows-64/0.14.12: wanted {\"cpu\":[\"x64\"],\"os\":[\"win32\"]} (current: {\"os\":\"darwin\",\"cpu\":\"x64\"})",
    "package": {
      "id": "registry.npmmirror.com/esbuild-windows-64/0.14.12",
      "name": "esbuild-windows-64",
      "version": "0.14.12"
    },
    "prefix": "/Users/bibidu/Desktop/du/code/marx-plus",
    "reason": "unsupported_platform"
  },
  "40 warn pnpm:install-check": {
    "message": "Unsupported platform for registry.npmmirror.com/esbuild-windows-arm64/0.14.12: wanted {\"cpu\":[\"arm64\"],\"os\":[\"win32\"]} (current: {\"os\":\"darwin\",\"cpu\":\"x64\"})",
    "prefix": "/Users/bibidu/Desktop/du/code/marx-plus"
  },
  "41 debug pnpm:skipped-optional-dependency": {
    "details": "Error: Unsupported platform for registry.npmmirror.com/esbuild-windows-arm64/0.14.12: wanted {\"cpu\":[\"arm64\"],\"os\":[\"win32\"]} (current: {\"os\":\"darwin\",\"cpu\":\"x64\"})",
    "package": {
      "id": "registry.npmmirror.com/esbuild-windows-arm64/0.14.12",
      "name": "esbuild-windows-arm64",
      "version": "0.14.12"
    },
    "prefix": "/Users/bibidu/Desktop/du/code/marx-plus",
    "reason": "unsupported_platform"
  },
  "42 debug pnpm:stats": {
    "added": 0,
    "prefix": "/Users/bibidu/Desktop/du/code/marx-plus"
  },
  "43 debug pnpm:stage": {
    "prefix": "/Users/bibidu/Desktop/du/code/marx-plus",
    "stage": "importing_done"
  },
  "44 debug pnpm": "No entry for \"registry.npmmirror.com/esbuild-android-arm64/0.14.12\" in pnpm-lock.yaml",
  "45 debug pnpm": "No entry for \"registry.npmmirror.com/esbuild-darwin-arm64/0.14.12\" in pnpm-lock.yaml",
  "46 debug pnpm": "No entry for \"registry.npmmirror.com/esbuild-freebsd-64/0.14.12\" in pnpm-lock.yaml",
  "47 debug pnpm": "No entry for \"registry.npmmirror.com/esbuild-freebsd-arm64/0.14.12\" in pnpm-lock.yaml",
  "48 debug pnpm": "No entry for \"registry.npmmirror.com/esbuild-linux-32/0.14.12\" in pnpm-lock.yaml",
  "49 debug pnpm": "No entry for \"registry.npmmirror.com/esbuild-linux-64/0.14.12\" in pnpm-lock.yaml",
  "50 debug pnpm": "No entry for \"registry.npmmirror.com/esbuild-linux-arm/0.14.12\" in pnpm-lock.yaml",
  "51 debug pnpm": "No entry for \"registry.npmmirror.com/esbuild-linux-arm64/0.14.12\" in pnpm-lock.yaml",
  "52 debug pnpm": "No entry for \"registry.npmmirror.com/esbuild-linux-mips64le/0.14.12\" in pnpm-lock.yaml",
  "53 debug pnpm": "No entry for \"registry.npmmirror.com/esbuild-linux-ppc64le/0.14.12\" in pnpm-lock.yaml",
  "54 debug pnpm": "No entry for \"registry.npmmirror.com/esbuild-linux-s390x/0.14.12\" in pnpm-lock.yaml",
  "55 debug pnpm": "No entry for \"registry.npmmirror.com/esbuild-netbsd-64/0.14.12\" in pnpm-lock.yaml",
  "56 debug pnpm": "No entry for \"registry.npmmirror.com/esbuild-openbsd-64/0.14.12\" in pnpm-lock.yaml",
  "57 debug pnpm": "No entry for \"registry.npmmirror.com/esbuild-sunos-64/0.14.12\" in pnpm-lock.yaml",
  "58 debug pnpm": "No entry for \"registry.npmmirror.com/esbuild-windows-32/0.14.12\" in pnpm-lock.yaml",
  "59 debug pnpm": "No entry for \"registry.npmmirror.com/esbuild-windows-64/0.14.12\" in pnpm-lock.yaml",
  "60 debug pnpm": "No entry for \"registry.npmmirror.com/esbuild-windows-arm64/0.14.12\" in pnpm-lock.yaml",
  "61 debug pnpm:link": {
    "target": "/Users/bibidu/Desktop/du/code/marx-plus/node_modules/.pnpm/registry.npmmirror.com+html2canvas@1.4.0/node_modules/html2canvas",
    "link": "/Users/bibidu/Desktop/du/code/marx-plus/node_modules/.pnpm/node_modules/html2canvas"
  },
  "62 debug pnpm:link": {
    "target": "/Users/bibidu/Desktop/du/code/marx-plus/node_modules/.pnpm/registry.nlark.com+magic-string@0.25.7/node_modules/magic-string",
    "link": "/Users/bibidu/Desktop/du/code/marx-plus/node_modules/.pnpm/node_modules/magic-string"
  },
  "63 debug pnpm:link": {
    "target": "/Users/bibidu/Desktop/du/code/marx-plus/node_modules/.pnpm/registry.npmmirror.com+css-line-break@2.0.1/node_modules/css-line-break",
    "link": "/Users/bibidu/Desktop/du/code/marx-plus/node_modules/.pnpm/node_modules/css-line-break"
  },
  "64 debug pnpm:link": {
    "target": "/Users/bibidu/Desktop/du/code/marx-plus/node_modules/.pnpm/registry.npmmirror.com+text-segmentation@1.0.2/node_modules/text-segmentation",
    "link": "/Users/bibidu/Desktop/du/code/marx-plus/node_modules/.pnpm/node_modules/text-segmentation"
  },
  "65 debug pnpm:link": {
    "target": "/Users/bibidu/Desktop/du/code/marx-plus/node_modules/.pnpm/registry.npmmirror.com+bundle-require@2.2.0_esbuild@0.14.12/node_modules/bundle-require",
    "link": "/Users/bibidu/Desktop/du/code/marx-plus/node_modules/.pnpm/node_modules/bundle-require"
  },
  "66 debug pnpm:link": {
    "target": "/Users/bibidu/Desktop/du/code/marx-plus/node_modules/.pnpm/registry.npmmirror.com+cac@6.7.12/node_modules/cac",
    "link": "/Users/bibidu/Desktop/du/code/marx-plus/node_modules/.pnpm/node_modules/cac"
  },
  "67 debug pnpm:link": {
    "target": "/Users/bibidu/Desktop/du/code/marx-plus/node_modules/.pnpm/registry.npmmirror.com+chokidar@3.5.3/node_modules/chokidar",
    "link": "/Users/bibidu/Desktop/du/code/marx-plus/node_modules/.pnpm/node_modules/chokidar"
  },
  "68 debug pnpm:link": {
    "target": "/Users/bibidu/Desktop/du/code/marx-plus/node_modules/.pnpm/registry.npmmirror.com+debug@4.3.3/node_modules/debug",
    "link": "/Users/bibidu/Desktop/du/code/marx-plus/node_modules/.pnpm/node_modules/debug"
  },
  "69 debug pnpm:link": {
    "target": "/Users/bibidu/Desktop/du/code/marx-plus/node_modules/.pnpm/registry.npmmirror.com+esbuild@0.14.12/node_modules/esbuild",
    "link": "/Users/bibidu/Desktop/du/code/marx-plus/node_modules/.pnpm/node_modules/esbuild"
  },
  "70 debug pnpm:link": {
    "target": "/Users/bibidu/Desktop/du/code/marx-plus/node_modules/.pnpm/registry.npmmirror.com+execa@5.1.1/node_modules/execa",
    "link": "/Users/bibidu/Desktop/du/code/marx-plus/node_modules/.pnpm/node_modules/execa"
  },
  "71 debug pnpm:link": {
    "target": "/Users/bibidu/Desktop/du/code/marx-plus/node_modules/.pnpm/registry.npmmirror.com+globby@11.1.0/node_modules/globby",
    "link": "/Users/bibidu/Desktop/du/code/marx-plus/node_modules/.pnpm/node_modules/globby"
  },
  "72 debug pnpm:link": {
    "target": "/Users/bibidu/Desktop/du/code/marx-plus/node_modules/.pnpm/registry.npmmirror.com+joycon@3.1.1/node_modules/joycon",
    "link": "/Users/bibidu/Desktop/du/code/marx-plus/node_modules/.pnpm/node_modules/joycon"
  },
  "73 debug pnpm:link": {
    "target": "/Users/bibidu/Desktop/du/code/marx-plus/node_modules/.pnpm/registry.npmmirror.com+postcss-load-config@3.1.1/node_modules/postcss-load-config",
    "link": "/Users/bibidu/Desktop/du/code/marx-plus/node_modules/.pnpm/node_modules/postcss-load-config"
  },
  "74 debug pnpm:link": {
    "target": "/Users/bibidu/Desktop/du/code/marx-plus/node_modules/.pnpm/registry.nlark.com+resolve-from@5.0.0/node_modules/resolve-from",
    "link": "/Users/bibidu/Desktop/du/code/marx-plus/node_modules/.pnpm/node_modules/resolve-from"
  },
  "75 debug pnpm:link": {
    "target": "/Users/bibidu/Desktop/du/code/marx-plus/node_modules/.pnpm/registry.npmmirror.com+rollup@2.64.0/node_modules/rollup",
    "link": "/Users/bibidu/Desktop/du/code/marx-plus/node_modules/.pnpm/node_modules/rollup"
  },
  "76 debug pnpm:link": {
    "target": "/Users/bibidu/Desktop/du/code/marx-plus/node_modules/.pnpm/registry.nlark.com+source-map@0.7.3/node_modules/source-map",
    "link": "/Users/bibidu/Desktop/du/code/marx-plus/node_modules/.pnpm/node_modules/source-map"
  },
  "77 debug pnpm:link": {
    "target": "/Users/bibidu/Desktop/du/code/marx-plus/node_modules/.pnpm/registry.npmmirror.com+sucrase@3.20.3/node_modules/sucrase",
    "link": "/Users/bibidu/Desktop/du/code/marx-plus/node_modules/.pnpm/node_modules/sucrase"
  },
  "78 debug pnpm:link": {
    "target": "/Users/bibidu/Desktop/du/code/marx-plus/node_modules/.pnpm/registry.nlark.com+tree-kill@1.2.2/node_modules/tree-kill",
    "link": "/Users/bibidu/Desktop/du/code/marx-plus/node_modules/.pnpm/node_modules/tree-kill"
  },
  "79 debug pnpm:link": {
    "target": "/Users/bibidu/Desktop/du/code/marx-plus/node_modules/.pnpm/registry.nlark.com+sourcemap-codec@1.4.8/node_modules/sourcemap-codec",
    "link": "/Users/bibidu/Desktop/du/code/marx-plus/node_modules/.pnpm/node_modules/sourcemap-codec"
  },
  "80 debug pnpm:link": {
    "target": "/Users/bibidu/Desktop/du/code/marx-plus/node_modules/.pnpm/registry.nlark.com+anymatch@3.1.2/node_modules/anymatch",
    "link": "/Users/bibidu/Desktop/du/code/marx-plus/node_modules/.pnpm/node_modules/anymatch"
  },
  "81 debug pnpm:link": {
    "target": "/Users/bibidu/Desktop/du/code/marx-plus/node_modules/.pnpm/registry.nlark.com+braces@3.0.2/node_modules/braces",
    "link": "/Users/bibidu/Desktop/du/code/marx-plus/node_modules/.pnpm/node_modules/braces"
  },
  "82 debug pnpm:link": {
    "target": "/Users/bibidu/Desktop/du/code/marx-plus/node_modules/.pnpm/registry.npmmirror.com+glob-parent@5.1.2/node_modules/glob-parent",
    "link": "/Users/bibidu/Desktop/du/code/marx-plus/node_modules/.pnpm/node_modules/glob-parent"
  },
  "83 debug pnpm:link": {
    "target": "/Users/bibidu/Desktop/du/code/marx-plus/node_modules/.pnpm/registry.nlark.com+is-binary-path@2.1.0/node_modules/is-binary-path",
    "link": "/Users/bibidu/Desktop/du/code/marx-plus/node_modules/.pnpm/node_modules/is-binary-path"
  },
  "84 debug pnpm:link": {
    "target": "/Users/bibidu/Desktop/du/code/marx-plus/node_modules/.pnpm/registry.npmmirror.com+is-glob@4.0.3/node_modules/is-glob",
    "link": "/Users/bibidu/Desktop/du/code/marx-plus/node_modules/.pnpm/node_modules/is-glob"
  },
  "85 debug pnpm:link": {
    "target": "/Users/bibidu/Desktop/du/code/marx-plus/node_modules/.pnpm/registry.nlark.com+normalize-path@3.0.0/node_modules/normalize-path",
    "link": "/Users/bibidu/Desktop/du/code/marx-plus/node_modules/.pnpm/node_modules/normalize-path"
  },
  "86 debug pnpm:link": {
    "target": "/Users/bibidu/Desktop/du/code/marx-plus/node_modules/.pnpm/registry.nlark.com+readdirp@3.6.0/node_modules/readdirp",
    "link": "/Users/bibidu/Desktop/du/code/marx-plus/node_modules/.pnpm/node_modules/readdirp"
  },
  "87 debug pnpm:link": {
    "target": "/Users/bibidu/Desktop/du/code/marx-plus/node_modules/.pnpm/registry.npmmirror.com+fsevents@2.3.2/node_modules/fsevents",
    "link": "/Users/bibidu/Desktop/du/code/marx-plus/node_modules/.pnpm/node_modules/fsevents"
  },
  "88 debug pnpm:link": {
    "target": "/Users/bibidu/Desktop/du/code/marx-plus/node_modules/.pnpm/registry.nlark.com+base64-arraybuffer@0.2.0/node_modules/base64-arraybuffer",
    "link": "/Users/bibidu/Desktop/du/code/marx-plus/node_modules/.pnpm/node_modules/base64-arraybuffer"
  },
  "89 debug pnpm:link": {
    "target": "/Users/bibidu/Desktop/du/code/marx-plus/node_modules/.pnpm/registry.npmmirror.com+ms@2.1.2/node_modules/ms",
    "link": "/Users/bibidu/Desktop/du/code/marx-plus/node_modules/.pnpm/node_modules/ms"
  },
  "90 debug pnpm:hoist": {
    "hoistFailedFor": "registry.npmmirror.com/esbuild-android-arm64/0.14.12"
  },
  "91 debug pnpm:link": {
    "target": "/Users/bibidu/Desktop/du/code/marx-plus/node_modules/.pnpm/registry.npmmirror.com+esbuild-darwin-64@0.14.12/node_modules/esbuild-darwin-64",
    "link": "/Users/bibidu/Desktop/du/code/marx-plus/node_modules/.pnpm/node_modules/esbuild-darwin-64"
  },
  "92 debug pnpm:hoist": {
    "hoistFailedFor": "registry.npmmirror.com/esbuild-darwin-arm64/0.14.12"
  },
  "93 debug pnpm:hoist": {
    "hoistFailedFor": "registry.npmmirror.com/esbuild-freebsd-64/0.14.12"
  },
  "94 debug pnpm:hoist": {
    "hoistFailedFor": "registry.npmmirror.com/esbuild-freebsd-arm64/0.14.12"
  },
  "95 debug pnpm:hoist": {
    "hoistFailedFor": "registry.npmmirror.com/esbuild-linux-32/0.14.12"
  },
  "96 debug pnpm:hoist": {
    "hoistFailedFor": "registry.npmmirror.com/esbuild-linux-64/0.14.12"
  },
  "97 debug pnpm:hoist": {
    "hoistFailedFor": "registry.npmmirror.com/esbuild-linux-arm/0.14.12"
  },
  "98 debug pnpm:hoist": {
    "hoistFailedFor": "registry.npmmirror.com/esbuild-linux-arm64/0.14.12"
  },
  "99 debug pnpm:hoist": {
    "hoistFailedFor": "registry.npmmirror.com/esbuild-linux-mips64le/0.14.12"
  },
  "100 debug pnpm:hoist": {
    "hoistFailedFor": "registry.npmmirror.com/esbuild-linux-ppc64le/0.14.12"
  },
  "101 debug pnpm:hoist": {
    "hoistFailedFor": "registry.npmmirror.com/esbuild-linux-s390x/0.14.12"
  },
  "102 debug pnpm:hoist": {
    "hoistFailedFor": "registry.npmmirror.com/esbuild-netbsd-64/0.14.12"
  },
  "103 debug pnpm:hoist": {
    "hoistFailedFor": "registry.npmmirror.com/esbuild-openbsd-64/0.14.12"
  },
  "104 debug pnpm:hoist": {
    "hoistFailedFor": "registry.npmmirror.com/esbuild-sunos-64/0.14.12"
  },
  "105 debug pnpm:hoist": {
    "hoistFailedFor": "registry.npmmirror.com/esbuild-windows-32/0.14.12"
  },
  "106 debug pnpm:hoist": {
    "hoistFailedFor": "registry.npmmirror.com/esbuild-windows-64/0.14.12"
  },
  "107 debug pnpm:hoist": {
    "hoistFailedFor": "registry.npmmirror.com/esbuild-windows-arm64/0.14.12"
  },
  "108 debug pnpm:link": {
    "target": "/Users/bibidu/Desktop/du/code/marx-plus/node_modules/.pnpm/registry.nlark.com+cross-spawn@7.0.3/node_modules/cross-spawn",
    "link": "/Users/bibidu/Desktop/du/code/marx-plus/node_modules/.pnpm/node_modules/cross-spawn"
  },
  "109 debug pnpm:link": {
    "target": "/Users/bibidu/Desktop/du/code/marx-plus/node_modules/.pnpm/registry.nlark.com+get-stream@6.0.1/node_modules/get-stream",
    "link": "/Users/bibidu/Desktop/du/code/marx-plus/node_modules/.pnpm/node_modules/get-stream"
  },
  "110 debug pnpm:link": {
    "target": "/Users/bibidu/Desktop/du/code/marx-plus/node_modules/.pnpm/registry.nlark.com+human-signals@2.1.0/node_modules/human-signals",
    "link": "/Users/bibidu/Desktop/du/code/marx-plus/node_modules/.pnpm/node_modules/human-signals"
  },
  "111 debug pnpm:link": {
    "target": "/Users/bibidu/Desktop/du/code/marx-plus/node_modules/.pnpm/registry.nlark.com+is-stream@2.0.1/node_modules/is-stream",
    "link": "/Users/bibidu/Desktop/du/code/marx-plus/node_modules/.pnpm/node_modules/is-stream"
  },
  "112 debug pnpm:link": {
    "target": "/Users/bibidu/Desktop/du/code/marx-plus/node_modules/.pnpm/registry.nlark.com+merge-stream@2.0.0/node_modules/merge-stream",
    "link": "/Users/bibidu/Desktop/du/code/marx-plus/node_modules/.pnpm/node_modules/merge-stream"
  },
  "113 debug pnpm:link": {
    "target": "/Users/bibidu/Desktop/du/code/marx-plus/node_modules/.pnpm/registry.npmmirror.com+npm-run-path@4.0.1/node_modules/npm-run-path",
    "link": "/Users/bibidu/Desktop/du/code/marx-plus/node_modules/.pnpm/node_modules/npm-run-path"
  },
  "114 debug pnpm:link": {
    "target": "/Users/bibidu/Desktop/du/code/marx-plus/node_modules/.pnpm/registry.nlark.com+onetime@5.1.2/node_modules/onetime",
    "link": "/Users/bibidu/Desktop/du/code/marx-plus/node_modules/.pnpm/node_modules/onetime"
  },
  "115 debug pnpm:link": {
    "target": "/Users/bibidu/Desktop/du/code/marx-plus/node_modules/.pnpm/registry.npmmirror.com+signal-exit@3.0.6/node_modules/signal-exit",
    "link": "/Users/bibidu/Desktop/du/code/marx-plus/node_modules/.pnpm/node_modules/signal-exit"
  },
  "116 debug pnpm:link": {
    "target": "/Users/bibidu/Desktop/du/code/marx-plus/node_modules/.pnpm/registry.nlark.com+strip-final-newline@2.0.0/node_modules/strip-final-newline",
    "link": "/Users/bibidu/Desktop/du/code/marx-plus/node_modules/.pnpm/node_modules/strip-final-newline"
  },
  "117 debug pnpm:link": {
    "target": "/Users/bibidu/Desktop/du/code/marx-plus/node_modules/.pnpm/registry.nlark.com+array-union@2.1.0/node_modules/array-union",
    "link": "/Users/bibidu/Desktop/du/code/marx-plus/node_modules/.pnpm/node_modules/array-union"
  },
  "118 debug pnpm:link": {
    "target": "/Users/bibidu/Desktop/du/code/marx-plus/node_modules/.pnpm/registry.nlark.com+dir-glob@3.0.1/node_modules/dir-glob",
    "link": "/Users/bibidu/Desktop/du/code/marx-plus/node_modules/.pnpm/node_modules/dir-glob"
  },
  "119 debug pnpm:link": {
    "target": "/Users/bibidu/Desktop/du/code/marx-plus/node_modules/.pnpm/registry.npmmirror.com+fast-glob@3.2.11/node_modules/fast-glob",
    "link": "/Users/bibidu/Desktop/du/code/marx-plus/node_modules/.pnpm/node_modules/fast-glob"
  },
  "120 debug pnpm:link": {
    "target": "/Users/bibidu/Desktop/du/code/marx-plus/node_modules/.pnpm/registry.npmmirror.com+ignore@5.2.0/node_modules/ignore",
    "link": "/Users/bibidu/Desktop/du/code/marx-plus/node_modules/.pnpm/node_modules/ignore"
  },
  "121 debug pnpm:link": {
    "target": "/Users/bibidu/Desktop/du/code/marx-plus/node_modules/.pnpm/registry.nlark.com+merge2@1.4.1/node_modules/merge2",
    "link": "/Users/bibidu/Desktop/du/code/marx-plus/node_modules/.pnpm/node_modules/merge2"
  },
  "122 debug pnpm:link": {
    "target": "/Users/bibidu/Desktop/du/code/marx-plus/node_modules/.pnpm/registry.nlark.com+slash@3.0.0/node_modules/slash",
    "link": "/Users/bibidu/Desktop/du/code/marx-plus/node_modules/.pnpm/node_modules/slash"
  },
  "123 debug pnpm:link": {
    "target": "/Users/bibidu/Desktop/du/code/marx-plus/node_modules/.pnpm/registry.npmmirror.com+lilconfig@2.0.4/node_modules/lilconfig",
    "link": "/Users/bibidu/Desktop/du/code/marx-plus/node_modules/.pnpm/node_modules/lilconfig"
  },
  "124 debug pnpm:link": {
    "target": "/Users/bibidu/Desktop/du/code/marx-plus/node_modules/.pnpm/registry.npmmirror.com+yaml@1.10.2/node_modules/yaml",
    "link": "/Users/bibidu/Desktop/du/code/marx-plus/node_modules/.pnpm/node_modules/yaml"
  },
  "125 debug pnpm:link": {
    "target": "/Users/bibidu/Desktop/du/code/marx-plus/node_modules/.pnpm/registry.npmmirror.com+commander@4.1.1/node_modules/commander",
    "link": "/Users/bibidu/Desktop/du/code/marx-plus/node_modules/.pnpm/node_modules/commander"
  },
  "126 debug pnpm:link": {
    "target": "/Users/bibidu/Desktop/du/code/marx-plus/node_modules/.pnpm/registry.npmmirror.com+glob@7.1.6/node_modules/glob",
    "link": "/Users/bibidu/Desktop/du/code/marx-plus/node_modules/.pnpm/node_modules/glob"
  },
  "127 debug pnpm:link": {
    "target": "/Users/bibidu/Desktop/du/code/marx-plus/node_modules/.pnpm/registry.npmmirror.com+lines-and-columns@1.2.4/node_modules/lines-and-columns",
    "link": "/Users/bibidu/Desktop/du/code/marx-plus/node_modules/.pnpm/node_modules/lines-and-columns"
  },
  "128 debug pnpm:link": {
    "target": "/Users/bibidu/Desktop/du/code/marx-plus/node_modules/.pnpm/registry.nlark.com+mz@2.7.0/node_modules/mz",
    "link": "/Users/bibidu/Desktop/du/code/marx-plus/node_modules/.pnpm/node_modules/mz"
  },
  "129 debug pnpm:link": {
    "target": "/Users/bibidu/Desktop/du/code/marx-plus/node_modules/.pnpm/registry.npmmirror.com+pirates@4.0.4/node_modules/pirates",
    "link": "/Users/bibidu/Desktop/du/code/marx-plus/node_modules/.pnpm/node_modules/pirates"
  },
  "130 debug pnpm:link": {
    "target": "/Users/bibidu/Desktop/du/code/marx-plus/node_modules/.pnpm/registry.npmmirror.com+ts-interface-checker@0.1.13/node_modules/ts-interface-checker",
    "link": "/Users/bibidu/Desktop/du/code/marx-plus/node_modules/.pnpm/node_modules/ts-interface-checker"
  },
  "131 debug pnpm:link": {
    "target": "/Users/bibidu/Desktop/du/code/marx-plus/node_modules/.pnpm/registry.npmmirror.com+utrie@1.0.1/node_modules/utrie",
    "link": "/Users/bibidu/Desktop/du/code/marx-plus/node_modules/.pnpm/node_modules/utrie"
  },
  "132 debug pnpm:link": {
    "target": "/Users/bibidu/Desktop/du/code/marx-plus/node_modules/.pnpm/registry.npmmirror.com+picomatch@2.3.1/node_modules/picomatch",
    "link": "/Users/bibidu/Desktop/du/code/marx-plus/node_modules/.pnpm/node_modules/picomatch"
  },
  "133 debug pnpm:link": {
    "target": "/Users/bibidu/Desktop/du/code/marx-plus/node_modules/.pnpm/registry.nlark.com+fill-range@7.0.1/node_modules/fill-range",
    "link": "/Users/bibidu/Desktop/du/code/marx-plus/node_modules/.pnpm/node_modules/fill-range"
  },
  "134 debug pnpm:link": {
    "target": "/Users/bibidu/Desktop/du/code/marx-plus/node_modules/.pnpm/registry.nlark.com+path-key@3.1.1/node_modules/path-key",
    "link": "/Users/bibidu/Desktop/du/code/marx-plus/node_modules/.pnpm/node_modules/path-key"
  },
  "135 debug pnpm:link": {
    "target": "/Users/bibidu/Desktop/du/code/marx-plus/node_modules/.pnpm/registry.nlark.com+shebang-command@2.0.0/node_modules/shebang-command",
    "link": "/Users/bibidu/Desktop/du/code/marx-plus/node_modules/.pnpm/node_modules/shebang-command"
  },
  "136 debug pnpm:link": {
    "target": "/Users/bibidu/Desktop/du/code/marx-plus/node_modules/.pnpm/registry.nlark.com+which@2.0.2/node_modules/which",
    "link": "/Users/bibidu/Desktop/du/code/marx-plus/node_modules/.pnpm/node_modules/which"
  },
  "137 debug pnpm:link": {
    "target": "/Users/bibidu/Desktop/du/code/marx-plus/node_modules/.pnpm/registry.nlark.com+path-type@4.0.0/node_modules/path-type",
    "link": "/Users/bibidu/Desktop/du/code/marx-plus/node_modules/.pnpm/node_modules/path-type"
  },
  "138 debug pnpm:link": {
    "target": "/Users/bibidu/Desktop/du/code/marx-plus/node_modules/.pnpm/registry.nlark.com+binary-extensions@2.2.0/node_modules/binary-extensions",
    "link": "/Users/bibidu/Desktop/du/code/marx-plus/node_modules/.pnpm/node_modules/binary-extensions"
  },
  "139 debug pnpm:link": {
    "target": "/Users/bibidu/Desktop/du/code/marx-plus/node_modules/.pnpm/registry.nlark.com+any-promise@1.3.0/node_modules/any-promise",
    "link": "/Users/bibidu/Desktop/du/code/marx-plus/node_modules/.pnpm/node_modules/any-promise"
  },
  "140 debug pnpm:link": {
    "target": "/Users/bibidu/Desktop/du/code/marx-plus/node_modules/.pnpm/registry.nlark.com+object-assign@4.1.1/node_modules/object-assign",
    "link": "/Users/bibidu/Desktop/du/code/marx-plus/node_modules/.pnpm/node_modules/object-assign"
  },
  "141 debug pnpm:link": {
    "target": "/Users/bibidu/Desktop/du/code/marx-plus/node_modules/.pnpm/registry.nlark.com+thenify-all@1.6.0/node_modules/thenify-all",
    "link": "/Users/bibidu/Desktop/du/code/marx-plus/node_modules/.pnpm/node_modules/thenify-all"
  },
  "142 debug pnpm:link": {
    "target": "/Users/bibidu/Desktop/du/code/marx-plus/node_modules/.pnpm/registry.nlark.com+mimic-fn@2.1.0/node_modules/mimic-fn",
    "link": "/Users/bibidu/Desktop/du/code/marx-plus/node_modules/.pnpm/node_modules/mimic-fn"
  },
  "143 debug pnpm:link": {
    "target": "/Users/bibidu/Desktop/du/code/marx-plus/node_modules/.pnpm/registry.npmmirror.com+@nodelib+fs.stat@2.0.5/node_modules/@nodelib/fs.stat",
    "link": "/Users/bibidu/Desktop/du/code/marx-plus/node_modules/.pnpm/node_modules/@nodelib/fs.stat"
  },
  "144 debug pnpm:link": {
    "target": "/Users/bibidu/Desktop/du/code/marx-plus/node_modules/.pnpm/registry.nlark.com+@nodelib+fs.walk@1.2.8/node_modules/@nodelib/fs.walk",
    "link": "/Users/bibidu/Desktop/du/code/marx-plus/node_modules/.pnpm/node_modules/@nodelib/fs.walk"
  },
  "145 debug pnpm:link": {
    "target": "/Users/bibidu/Desktop/du/code/marx-plus/node_modules/.pnpm/registry.nlark.com+micromatch@4.0.4/node_modules/micromatch",
    "link": "/Users/bibidu/Desktop/du/code/marx-plus/node_modules/.pnpm/node_modules/micromatch"
  },
  "146 debug pnpm:link": {
    "target": "/Users/bibidu/Desktop/du/code/marx-plus/node_modules/.pnpm/registry.nlark.com+fs.realpath@1.0.0/node_modules/fs.realpath",
    "link": "/Users/bibidu/Desktop/du/code/marx-plus/node_modules/.pnpm/node_modules/fs.realpath"
  },
  "147 debug pnpm:link": {
    "target": "/Users/bibidu/Desktop/du/code/marx-plus/node_modules/.pnpm/registry.nlark.com+inflight@1.0.6/node_modules/inflight",
    "link": "/Users/bibidu/Desktop/du/code/marx-plus/node_modules/.pnpm/node_modules/inflight"
  },
  "148 debug pnpm:link": {
    "target": "/Users/bibidu/Desktop/du/code/marx-plus/node_modules/.pnpm/registry.nlark.com+inherits@2.0.4/node_modules/inherits",
    "link": "/Users/bibidu/Desktop/du/code/marx-plus/node_modules/.pnpm/node_modules/inherits"
  },
  "149 debug pnpm:link": {
    "target": "/Users/bibidu/Desktop/du/code/marx-plus/node_modules/.pnpm/registry.nlark.com+minimatch@3.0.4/node_modules/minimatch",
    "link": "/Users/bibidu/Desktop/du/code/marx-plus/node_modules/.pnpm/node_modules/minimatch"
  },
  "150 debug pnpm:link": {
    "target": "/Users/bibidu/Desktop/du/code/marx-plus/node_modules/.pnpm/registry.nlark.com+once@1.4.0/node_modules/once",
    "link": "/Users/bibidu/Desktop/du/code/marx-plus/node_modules/.pnpm/node_modules/once"
  },
  "151 debug pnpm:link": {
    "target": "/Users/bibidu/Desktop/du/code/marx-plus/node_modules/.pnpm/registry.nlark.com+path-is-absolute@1.0.1/node_modules/path-is-absolute",
    "link": "/Users/bibidu/Desktop/du/code/marx-plus/node_modules/.pnpm/node_modules/path-is-absolute"
  },
  "152 debug pnpm:link": {
    "target": "/Users/bibidu/Desktop/du/code/marx-plus/node_modules/.pnpm/registry.nlark.com+is-extglob@2.1.1/node_modules/is-extglob",
    "link": "/Users/bibidu/Desktop/du/code/marx-plus/node_modules/.pnpm/node_modules/is-extglob"
  },
  "153 debug pnpm:link": {
    "target": "/Users/bibidu/Desktop/du/code/marx-plus/node_modules/.pnpm/registry.nlark.com+@nodelib+fs.scandir@2.1.5/node_modules/@nodelib/fs.scandir",
    "link": "/Users/bibidu/Desktop/du/code/marx-plus/node_modules/.pnpm/node_modules/@nodelib/fs.scandir"
  },
  "154 debug pnpm:link": {
    "target": "/Users/bibidu/Desktop/du/code/marx-plus/node_modules/.pnpm/registry.nlark.com+fastq@1.13.0/node_modules/fastq",
    "link": "/Users/bibidu/Desktop/du/code/marx-plus/node_modules/.pnpm/node_modules/fastq"
  },
  "155 debug pnpm:link": {
    "target": "/Users/bibidu/Desktop/du/code/marx-plus/node_modules/.pnpm/registry.nlark.com+to-regex-range@5.0.1/node_modules/to-regex-range",
    "link": "/Users/bibidu/Desktop/du/code/marx-plus/node_modules/.pnpm/node_modules/to-regex-range"
  },
  "156 debug pnpm:link": {
    "target": "/Users/bibidu/Desktop/du/code/marx-plus/node_modules/.pnpm/registry.nlark.com+wrappy@1.0.2/node_modules/wrappy",
    "link": "/Users/bibidu/Desktop/du/code/marx-plus/node_modules/.pnpm/node_modules/wrappy"
  },
  "157 debug pnpm:link": {
    "target": "/Users/bibidu/Desktop/du/code/marx-plus/node_modules/.pnpm/registry.nlark.com+brace-expansion@1.1.11/node_modules/brace-expansion",
    "link": "/Users/bibidu/Desktop/du/code/marx-plus/node_modules/.pnpm/node_modules/brace-expansion"
  },
  "158 debug pnpm:link": {
    "target": "/Users/bibidu/Desktop/du/code/marx-plus/node_modules/.pnpm/registry.nlark.com+shebang-regex@3.0.0/node_modules/shebang-regex",
    "link": "/Users/bibidu/Desktop/du/code/marx-plus/node_modules/.pnpm/node_modules/shebang-regex"
  },
  "159 debug pnpm:link": {
    "target": "/Users/bibidu/Desktop/du/code/marx-plus/node_modules/.pnpm/registry.nlark.com+thenify@3.3.1/node_modules/thenify",
    "link": "/Users/bibidu/Desktop/du/code/marx-plus/node_modules/.pnpm/node_modules/thenify"
  },
  "160 debug pnpm:link": {
    "target": "/Users/bibidu/Desktop/du/code/marx-plus/node_modules/.pnpm/registry.nlark.com+isexe@2.0.0/node_modules/isexe",
    "link": "/Users/bibidu/Desktop/du/code/marx-plus/node_modules/.pnpm/node_modules/isexe"
  },
  "161 debug pnpm:link": {
    "target": "/Users/bibidu/Desktop/du/code/marx-plus/node_modules/.pnpm/registry.nlark.com+run-parallel@1.2.0/node_modules/run-parallel",
    "link": "/Users/bibidu/Desktop/du/code/marx-plus/node_modules/.pnpm/node_modules/run-parallel"
  },
  "162 debug pnpm:link": {
    "target": "/Users/bibidu/Desktop/du/code/marx-plus/node_modules/.pnpm/registry.nlark.com+balanced-match@1.0.2/node_modules/balanced-match",
    "link": "/Users/bibidu/Desktop/du/code/marx-plus/node_modules/.pnpm/node_modules/balanced-match"
  },
  "163 debug pnpm:link": {
    "target": "/Users/bibidu/Desktop/du/code/marx-plus/node_modules/.pnpm/registry.nlark.com+concat-map@0.0.1/node_modules/concat-map",
    "link": "/Users/bibidu/Desktop/du/code/marx-plus/node_modules/.pnpm/node_modules/concat-map"
  },
  "164 debug pnpm:link": {
    "target": "/Users/bibidu/Desktop/du/code/marx-plus/node_modules/.pnpm/registry.nlark.com+reusify@1.0.4/node_modules/reusify",
    "link": "/Users/bibidu/Desktop/du/code/marx-plus/node_modules/.pnpm/node_modules/reusify"
  },
  "165 debug pnpm:link": {
    "target": "/Users/bibidu/Desktop/du/code/marx-plus/node_modules/.pnpm/registry.nlark.com+is-number@7.0.0/node_modules/is-number",
    "link": "/Users/bibidu/Desktop/du/code/marx-plus/node_modules/.pnpm/node_modules/is-number"
  },
  "166 debug pnpm:link": {
    "target": "/Users/bibidu/Desktop/du/code/marx-plus/node_modules/.pnpm/registry.nlark.com+queue-microtask@1.2.3/node_modules/queue-microtask",
    "link": "/Users/bibidu/Desktop/du/code/marx-plus/node_modules/.pnpm/node_modules/queue-microtask"
  },
  "167 debug pnpm:link": {
    "target": "/Users/bibidu/Desktop/du/code/marx-plus/node_modules/.pnpm/registry.npmmirror.com+esbuild-plugin-replace@1.1.0/node_modules/esbuild-plugin-replace",
    "link": "/Users/bibidu/Desktop/du/code/marx-plus/node_modules/esbuild-plugin-replace"
  },
  "168 debug pnpm:link": {
    "target": "/Users/bibidu/Desktop/du/code/marx-plus/node_modules/.pnpm/registry.npmmirror.com+pnpm@6.27.1/node_modules/pnpm",
    "link": "/Users/bibidu/Desktop/du/code/marx-plus/node_modules/pnpm"
  },
  "169 debug pnpm:link": {
    "target": "/Users/bibidu/Desktop/du/code/marx-plus/node_modules/.pnpm/registry.npmmirror.com+tsup@5.11.11/node_modules/tsup",
    "link": "/Users/bibidu/Desktop/du/code/marx-plus/node_modules/tsup"
  },
  "170 debug pnpm:link": {
    "target": "/Users/bibidu/Desktop/du/code/marx-plus/node_modules/.pnpm/registry.npmmirror.com+html2canvas@1.4.0/node_modules/html2canvas",
    "link": "/Users/bibidu/Desktop/du/code/marx-plus/packages/marx-export-button/node_modules/html2canvas"
  },
  "171 debug pnpm:package-manifest": {
    "prefix": "/Users/bibidu/Desktop/du/code/marx-plus/packages/marx-inject-template-button",
    "updated": {
      "name": "@marx/inject-template-button",
      "version": "1.0.0",
      "description": "",
      "main": "index.js",
      "scripts": {
        "start": "NODE_ENV=development tsup src/index.ts --watch",
        "build": "tsup src/index.ts"
      },
      "keywords": [],
      "author": "",
      "license": "ISC",
      "devDependencies": {},
      "dependencies": {}
    }
  },
  "172 debug pnpm:package-manifest": {
    "prefix": "/Users/bibidu/Desktop/du/code/marx-plus/packages/marx-export-button",
    "updated": {
      "name": "@marx/export-button",
      "version": "1.0.0",
      "description": "",
      "main": "index.js",
      "scripts": {
        "start": "NODE_ENV=development tsup src/index.ts --watch",
        "build": "tsup src/index.ts"
      },
      "keywords": [],
      "author": "",
      "license": "ISC",
      "devDependencies": {},
      "dependencies": {
        "html2canvas": "^1.4.0"
      }
    }
  },
  "173 debug pnpm:package-manifest": {
    "prefix": "/Users/bibidu/Desktop/du/code/marx-plus",
    "updated": {
      "name": "marx-plus",
      "version": "1.0.0",
      "description": "",
      "main": "index.js",
      "scripts": {
        "install": "node scripts/install"
      },
      "repository": {
        "type": "git",
        "url": "git+https://github.com/bibidu/marx-plus.git"
      },
      "keywords": [],
      "author": "",
      "license": "ISC",
      "bugs": {
        "url": "https://github.com/bibidu/marx-plus/issues"
      },
      "homepage": "https://github.com/bibidu/marx-plus#readme",
      "devDependencies": {
        "esbuild-plugin-replace": "^1.1.0",
        "pnpm": "^6.27.1",
        "tsup": "^5.11.11"
      }
    }
  },
  "174 error pnpm": {
    "errno": -2,
    "code": "ENOENT",
    "syscall": "open",
    "path": "/Users/bibidu/Desktop/du/code/marx-plus/node_modules/.pnpm/lock.yaml.340681813",
    "err": {
      "name": "pnpm",
      "message": "ENOENT: no such file or directory, open '/Users/bibidu/Desktop/du/code/marx-plus/node_modules/.pnpm/lock.yaml.340681813'",
      "code": "ENOENT",
      "stack": "pnpm: ENOENT: no such file or directory, open '/Users/bibidu/Desktop/du/code/marx-plus/node_modules/.pnpm/lock.yaml.340681813'"
    }
  }
}